ARM GAS  C:\Users\tdogs\AppData\Local\Temp\ccOz815b.s 			page 1


   1              		.cpu cortex-m0plus
   2              		.arch armv6s-m
   3              		.fpu softvfp
   4              		.eabi_attribute 20, 1
   5              		.eabi_attribute 21, 1
   6              		.eabi_attribute 23, 3
   7              		.eabi_attribute 24, 1
   8              		.eabi_attribute 25, 1
   9              		.eabi_attribute 26, 1
  10              		.eabi_attribute 30, 1
  11              		.eabi_attribute 34, 0
  12              		.eabi_attribute 18, 4
  13              		.file	"stm32u0xx_it.c"
  14              		.text
  15              	.Ltext0:
  16              		.cfi_sections	.debug_frame
  17              		.file 1 "Core/Src/stm32u0xx_it.c"
  18              		.section	.text.NMI_Handler,"ax",%progbits
  19              		.align	1
  20              		.global	NMI_Handler
  21              		.syntax unified
  22              		.code	16
  23              		.thumb_func
  25              	NMI_Handler:
  26              	.LFB206:
   1:Core/Src/stm32u0xx_it.c **** /* USER CODE BEGIN Header */
   2:Core/Src/stm32u0xx_it.c **** /**
   3:Core/Src/stm32u0xx_it.c ****   ******************************************************************************
   4:Core/Src/stm32u0xx_it.c ****   * @file    stm32u0xx_it.c
   5:Core/Src/stm32u0xx_it.c ****   * @brief   Interrupt Service Routines.
   6:Core/Src/stm32u0xx_it.c ****   ******************************************************************************
   7:Core/Src/stm32u0xx_it.c ****   * @attention
   8:Core/Src/stm32u0xx_it.c ****   *
   9:Core/Src/stm32u0xx_it.c ****   * Copyright (c) 2024 STMicroelectronics.
  10:Core/Src/stm32u0xx_it.c ****   * All rights reserved.
  11:Core/Src/stm32u0xx_it.c ****   *
  12:Core/Src/stm32u0xx_it.c ****   * This software is licensed under terms that can be found in the LICENSE file
  13:Core/Src/stm32u0xx_it.c ****   * in the root directory of this software component.
  14:Core/Src/stm32u0xx_it.c ****   * If no LICENSE file comes with this software, it is provided AS-IS.
  15:Core/Src/stm32u0xx_it.c ****   *
  16:Core/Src/stm32u0xx_it.c ****   ******************************************************************************
  17:Core/Src/stm32u0xx_it.c ****   */
  18:Core/Src/stm32u0xx_it.c **** /* USER CODE END Header */
  19:Core/Src/stm32u0xx_it.c **** 
  20:Core/Src/stm32u0xx_it.c **** /* Includes ------------------------------------------------------------------*/
  21:Core/Src/stm32u0xx_it.c **** #include "main.h"
  22:Core/Src/stm32u0xx_it.c **** #include "stm32u0xx_it.h"
  23:Core/Src/stm32u0xx_it.c **** /* Private includes ----------------------------------------------------------*/
  24:Core/Src/stm32u0xx_it.c **** /* USER CODE BEGIN Includes */
  25:Core/Src/stm32u0xx_it.c **** /* USER CODE END Includes */
  26:Core/Src/stm32u0xx_it.c **** 
  27:Core/Src/stm32u0xx_it.c **** /* Private typedef -----------------------------------------------------------*/
  28:Core/Src/stm32u0xx_it.c **** /* USER CODE BEGIN TD */
  29:Core/Src/stm32u0xx_it.c **** 
  30:Core/Src/stm32u0xx_it.c **** /* USER CODE END TD */
  31:Core/Src/stm32u0xx_it.c **** 
  32:Core/Src/stm32u0xx_it.c **** /* Private define ------------------------------------------------------------*/
ARM GAS  C:\Users\tdogs\AppData\Local\Temp\ccOz815b.s 			page 2


  33:Core/Src/stm32u0xx_it.c **** /* USER CODE BEGIN PD */
  34:Core/Src/stm32u0xx_it.c **** 
  35:Core/Src/stm32u0xx_it.c **** /* USER CODE END PD */
  36:Core/Src/stm32u0xx_it.c **** 
  37:Core/Src/stm32u0xx_it.c **** /* Private macro -------------------------------------------------------------*/
  38:Core/Src/stm32u0xx_it.c **** /* USER CODE BEGIN PM */
  39:Core/Src/stm32u0xx_it.c **** 
  40:Core/Src/stm32u0xx_it.c **** /* USER CODE END PM */
  41:Core/Src/stm32u0xx_it.c **** 
  42:Core/Src/stm32u0xx_it.c **** /* Private variables ---------------------------------------------------------*/
  43:Core/Src/stm32u0xx_it.c **** /* USER CODE BEGIN PV */
  44:Core/Src/stm32u0xx_it.c **** 
  45:Core/Src/stm32u0xx_it.c **** /* USER CODE END PV */
  46:Core/Src/stm32u0xx_it.c **** 
  47:Core/Src/stm32u0xx_it.c **** /* Private function prototypes -----------------------------------------------*/
  48:Core/Src/stm32u0xx_it.c **** /* USER CODE BEGIN PFP */
  49:Core/Src/stm32u0xx_it.c **** 
  50:Core/Src/stm32u0xx_it.c **** /* USER CODE END PFP */
  51:Core/Src/stm32u0xx_it.c **** 
  52:Core/Src/stm32u0xx_it.c **** /* Private user code ---------------------------------------------------------*/
  53:Core/Src/stm32u0xx_it.c **** /* USER CODE BEGIN 0 */
  54:Core/Src/stm32u0xx_it.c **** 
  55:Core/Src/stm32u0xx_it.c **** /* USER CODE END 0 */
  56:Core/Src/stm32u0xx_it.c **** 
  57:Core/Src/stm32u0xx_it.c **** /* External variables --------------------------------------------------------*/
  58:Core/Src/stm32u0xx_it.c **** extern TIM_HandleTypeDef htim6;
  59:Core/Src/stm32u0xx_it.c **** extern TIM_HandleTypeDef htim7;
  60:Core/Src/stm32u0xx_it.c **** /* USER CODE BEGIN EV */
  61:Core/Src/stm32u0xx_it.c **** 
  62:Core/Src/stm32u0xx_it.c **** /* USER CODE END EV */
  63:Core/Src/stm32u0xx_it.c **** 
  64:Core/Src/stm32u0xx_it.c **** /******************************************************************************/
  65:Core/Src/stm32u0xx_it.c **** /*           Cortex Processor Interruption and Exception Handlers          */
  66:Core/Src/stm32u0xx_it.c **** /******************************************************************************/
  67:Core/Src/stm32u0xx_it.c **** /**
  68:Core/Src/stm32u0xx_it.c ****   * @brief This function handles Non maskable interrupt.
  69:Core/Src/stm32u0xx_it.c ****   */
  70:Core/Src/stm32u0xx_it.c **** void NMI_Handler(void)
  71:Core/Src/stm32u0xx_it.c **** {
  27              		.loc 1 71 1 view -0
  28              		.cfi_startproc
  29              		@ Volatile: function does not return.
  30              		@ args = 0, pretend = 0, frame = 0
  31              		@ frame_needed = 0, uses_anonymous_args = 0
  32              		@ link register save eliminated.
  33              	.L2:
  72:Core/Src/stm32u0xx_it.c ****   /* USER CODE BEGIN NonMaskableInt_IRQn 0 */
  73:Core/Src/stm32u0xx_it.c **** 
  74:Core/Src/stm32u0xx_it.c ****   /* USER CODE END NonMaskableInt_IRQn 0 */
  75:Core/Src/stm32u0xx_it.c ****   /* USER CODE BEGIN NonMaskableInt_IRQn 1 */
  76:Core/Src/stm32u0xx_it.c ****    while (1)
  34              		.loc 1 76 4 discriminator 1 view .LVU1
  77:Core/Src/stm32u0xx_it.c ****   {
  78:Core/Src/stm32u0xx_it.c ****   }
  35              		.loc 1 78 3 discriminator 1 view .LVU2
  76:Core/Src/stm32u0xx_it.c ****   {
  36              		.loc 1 76 10 discriminator 1 view .LVU3
ARM GAS  C:\Users\tdogs\AppData\Local\Temp\ccOz815b.s 			page 3


  37 0000 FEE7     		b	.L2
  38              		.cfi_endproc
  39              	.LFE206:
  41              		.section	.text.HardFault_Handler,"ax",%progbits
  42              		.align	1
  43              		.global	HardFault_Handler
  44              		.syntax unified
  45              		.code	16
  46              		.thumb_func
  48              	HardFault_Handler:
  49              	.LFB207:
  79:Core/Src/stm32u0xx_it.c ****   /* USER CODE END NonMaskableInt_IRQn 1 */
  80:Core/Src/stm32u0xx_it.c **** }
  81:Core/Src/stm32u0xx_it.c **** 
  82:Core/Src/stm32u0xx_it.c **** /**
  83:Core/Src/stm32u0xx_it.c ****   * @brief This function handles Hard fault interrupt.
  84:Core/Src/stm32u0xx_it.c ****   */
  85:Core/Src/stm32u0xx_it.c **** void HardFault_Handler(void)
  86:Core/Src/stm32u0xx_it.c **** {
  50              		.loc 1 86 1 view -0
  51              		.cfi_startproc
  52              		@ Volatile: function does not return.
  53              		@ args = 0, pretend = 0, frame = 0
  54              		@ frame_needed = 0, uses_anonymous_args = 0
  55              		@ link register save eliminated.
  56              	.L4:
  87:Core/Src/stm32u0xx_it.c ****   /* USER CODE BEGIN HardFault_IRQn 0 */
  88:Core/Src/stm32u0xx_it.c **** 
  89:Core/Src/stm32u0xx_it.c ****   /* USER CODE END HardFault_IRQn 0 */
  90:Core/Src/stm32u0xx_it.c ****   while (1)
  57              		.loc 1 90 3 discriminator 1 view .LVU5
  91:Core/Src/stm32u0xx_it.c ****   {
  92:Core/Src/stm32u0xx_it.c ****     /* USER CODE BEGIN W1_HardFault_IRQn 0 */
  93:Core/Src/stm32u0xx_it.c ****     /* USER CODE END W1_HardFault_IRQn 0 */
  94:Core/Src/stm32u0xx_it.c ****   }
  58              		.loc 1 94 3 discriminator 1 view .LVU6
  90:Core/Src/stm32u0xx_it.c ****   {
  59              		.loc 1 90 9 discriminator 1 view .LVU7
  60 0000 FEE7     		b	.L4
  61              		.cfi_endproc
  62              	.LFE207:
  64              		.section	.text.SVC_Handler,"ax",%progbits
  65              		.align	1
  66              		.global	SVC_Handler
  67              		.syntax unified
  68              		.code	16
  69              		.thumb_func
  71              	SVC_Handler:
  72              	.LFB208:
  95:Core/Src/stm32u0xx_it.c **** }
  96:Core/Src/stm32u0xx_it.c **** 
  97:Core/Src/stm32u0xx_it.c **** /**
  98:Core/Src/stm32u0xx_it.c ****   * @brief This function handles System service call via SVC instruction.
  99:Core/Src/stm32u0xx_it.c ****   */
 100:Core/Src/stm32u0xx_it.c **** void SVC_Handler(void)
 101:Core/Src/stm32u0xx_it.c **** {
  73              		.loc 1 101 1 view -0
ARM GAS  C:\Users\tdogs\AppData\Local\Temp\ccOz815b.s 			page 4


  74              		.cfi_startproc
  75              		@ args = 0, pretend = 0, frame = 0
  76              		@ frame_needed = 0, uses_anonymous_args = 0
  77              		@ link register save eliminated.
 102:Core/Src/stm32u0xx_it.c ****   /* USER CODE BEGIN SVCall_IRQn 0 */
 103:Core/Src/stm32u0xx_it.c **** 
 104:Core/Src/stm32u0xx_it.c ****   /* USER CODE END SVCall_IRQn 0 */
 105:Core/Src/stm32u0xx_it.c ****   /* USER CODE BEGIN SVCall_IRQn 1 */
 106:Core/Src/stm32u0xx_it.c **** 
 107:Core/Src/stm32u0xx_it.c ****   /* USER CODE END SVCall_IRQn 1 */
 108:Core/Src/stm32u0xx_it.c **** }
  78              		.loc 1 108 1 view .LVU9
  79              		@ sp needed
  80 0000 7047     		bx	lr
  81              		.cfi_endproc
  82              	.LFE208:
  84              		.section	.text.PendSV_Handler,"ax",%progbits
  85              		.align	1
  86              		.global	PendSV_Handler
  87              		.syntax unified
  88              		.code	16
  89              		.thumb_func
  91              	PendSV_Handler:
  92              	.LFB209:
 109:Core/Src/stm32u0xx_it.c **** 
 110:Core/Src/stm32u0xx_it.c **** /**
 111:Core/Src/stm32u0xx_it.c ****   * @brief This function handles Pendable request for system service.
 112:Core/Src/stm32u0xx_it.c ****   */
 113:Core/Src/stm32u0xx_it.c **** void PendSV_Handler(void)
 114:Core/Src/stm32u0xx_it.c **** {
  93              		.loc 1 114 1 view -0
  94              		.cfi_startproc
  95              		@ args = 0, pretend = 0, frame = 0
  96              		@ frame_needed = 0, uses_anonymous_args = 0
  97              		@ link register save eliminated.
 115:Core/Src/stm32u0xx_it.c ****   /* USER CODE BEGIN PendSV_IRQn 0 */
 116:Core/Src/stm32u0xx_it.c **** 
 117:Core/Src/stm32u0xx_it.c ****   /* USER CODE END PendSV_IRQn 0 */
 118:Core/Src/stm32u0xx_it.c ****   /* USER CODE BEGIN PendSV_IRQn 1 */
 119:Core/Src/stm32u0xx_it.c **** 
 120:Core/Src/stm32u0xx_it.c ****   /* USER CODE END PendSV_IRQn 1 */
 121:Core/Src/stm32u0xx_it.c **** }
  98              		.loc 1 121 1 view .LVU11
  99              		@ sp needed
 100 0000 7047     		bx	lr
 101              		.cfi_endproc
 102              	.LFE209:
 104              		.section	.text.SysTick_Handler,"ax",%progbits
 105              		.align	1
 106              		.global	SysTick_Handler
 107              		.syntax unified
 108              		.code	16
 109              		.thumb_func
 111              	SysTick_Handler:
 112              	.LFB210:
 122:Core/Src/stm32u0xx_it.c **** 
 123:Core/Src/stm32u0xx_it.c **** /**
ARM GAS  C:\Users\tdogs\AppData\Local\Temp\ccOz815b.s 			page 5


 124:Core/Src/stm32u0xx_it.c ****   * @brief This function handles System tick timer.
 125:Core/Src/stm32u0xx_it.c ****   */
 126:Core/Src/stm32u0xx_it.c **** void SysTick_Handler(void)
 127:Core/Src/stm32u0xx_it.c **** {
 113              		.loc 1 127 1 view -0
 114              		.cfi_startproc
 115              		@ args = 0, pretend = 0, frame = 0
 116              		@ frame_needed = 0, uses_anonymous_args = 0
 117 0000 10B5     		push	{r4, lr}
 118              	.LCFI0:
 119              		.cfi_def_cfa_offset 8
 120              		.cfi_offset 4, -8
 121              		.cfi_offset 14, -4
 128:Core/Src/stm32u0xx_it.c ****   /* USER CODE BEGIN SysTick_IRQn 0 */
 129:Core/Src/stm32u0xx_it.c **** 
 130:Core/Src/stm32u0xx_it.c ****   /* USER CODE END SysTick_IRQn 0 */
 131:Core/Src/stm32u0xx_it.c ****   HAL_IncTick();
 122              		.loc 1 131 3 view .LVU13
 123 0002 FFF7FEFF 		bl	HAL_IncTick
 124              	.LVL0:
 132:Core/Src/stm32u0xx_it.c ****   /* USER CODE BEGIN SysTick_IRQn 1 */
 133:Core/Src/stm32u0xx_it.c **** 
 134:Core/Src/stm32u0xx_it.c ****   /* USER CODE END SysTick_IRQn 1 */
 135:Core/Src/stm32u0xx_it.c **** }
 125              		.loc 1 135 1 is_stmt 0 view .LVU14
 126              		@ sp needed
 127 0006 10BD     		pop	{r4, pc}
 128              		.cfi_endproc
 129              	.LFE210:
 131              		.section	.text.EXTI4_15_IRQHandler,"ax",%progbits
 132              		.align	1
 133              		.global	EXTI4_15_IRQHandler
 134              		.syntax unified
 135              		.code	16
 136              		.thumb_func
 138              	EXTI4_15_IRQHandler:
 139              	.LFB211:
 136:Core/Src/stm32u0xx_it.c **** 
 137:Core/Src/stm32u0xx_it.c **** /******************************************************************************/
 138:Core/Src/stm32u0xx_it.c **** /* STM32U0xx Peripheral Interrupt Handlers                                    */
 139:Core/Src/stm32u0xx_it.c **** /* Add here the Interrupt Handlers for the used peripherals.                  */
 140:Core/Src/stm32u0xx_it.c **** /* For the available peripheral interrupt handler names,                      */
 141:Core/Src/stm32u0xx_it.c **** /* please refer to the startup file (startup_stm32u0xx.s).                    */
 142:Core/Src/stm32u0xx_it.c **** /******************************************************************************/
 143:Core/Src/stm32u0xx_it.c **** 
 144:Core/Src/stm32u0xx_it.c **** /**
 145:Core/Src/stm32u0xx_it.c ****   * @brief This function handles EXTI line 4 to 15 interrupts.
 146:Core/Src/stm32u0xx_it.c ****   */
 147:Core/Src/stm32u0xx_it.c **** void EXTI4_15_IRQHandler(void)
 148:Core/Src/stm32u0xx_it.c **** {
 140              		.loc 1 148 1 is_stmt 1 view -0
 141              		.cfi_startproc
 142              		@ args = 0, pretend = 0, frame = 0
 143              		@ frame_needed = 0, uses_anonymous_args = 0
 144 0000 10B5     		push	{r4, lr}
 145              	.LCFI1:
 146              		.cfi_def_cfa_offset 8
ARM GAS  C:\Users\tdogs\AppData\Local\Temp\ccOz815b.s 			page 6


 147              		.cfi_offset 4, -8
 148              		.cfi_offset 14, -4
 149:Core/Src/stm32u0xx_it.c ****   /* USER CODE BEGIN EXTI4_15_IRQn 0 */
 150:Core/Src/stm32u0xx_it.c **** 
 151:Core/Src/stm32u0xx_it.c ****   /* USER CODE END EXTI4_15_IRQn 0 */
 152:Core/Src/stm32u0xx_it.c ****   HAL_GPIO_EXTI_IRQHandler(BLACK_BUTTON_Pin);
 149              		.loc 1 152 3 view .LVU16
 150 0002 2020     		movs	r0, #32
 151 0004 FFF7FEFF 		bl	HAL_GPIO_EXTI_IRQHandler
 152              	.LVL1:
 153:Core/Src/stm32u0xx_it.c ****   HAL_GPIO_EXTI_IRQHandler(WHITE_BUTTON_Pin);
 153              		.loc 1 153 3 view .LVU17
 154 0008 8020     		movs	r0, #128
 155 000a C000     		lsls	r0, r0, #3
 156 000c FFF7FEFF 		bl	HAL_GPIO_EXTI_IRQHandler
 157              	.LVL2:
 154:Core/Src/stm32u0xx_it.c ****   /* USER CODE BEGIN EXTI4_15_IRQn 1 */
 155:Core/Src/stm32u0xx_it.c **** 
 156:Core/Src/stm32u0xx_it.c ****   /* USER CODE END EXTI4_15_IRQn 1 */
 157:Core/Src/stm32u0xx_it.c **** }
 158              		.loc 1 157 1 is_stmt 0 view .LVU18
 159              		@ sp needed
 160 0010 10BD     		pop	{r4, pc}
 161              		.cfi_endproc
 162              	.LFE211:
 164              		.section	.text.TIM6_DAC_LPTIM1_IRQHandler,"ax",%progbits
 165              		.align	1
 166              		.global	TIM6_DAC_LPTIM1_IRQHandler
 167              		.syntax unified
 168              		.code	16
 169              		.thumb_func
 171              	TIM6_DAC_LPTIM1_IRQHandler:
 172              	.LFB212:
 158:Core/Src/stm32u0xx_it.c **** 
 159:Core/Src/stm32u0xx_it.c **** /**
 160:Core/Src/stm32u0xx_it.c ****   * @brief This function handles TIM6, DAC and LPTIM1 global Interrupts (combined with EXTI 31).
 161:Core/Src/stm32u0xx_it.c ****   */
 162:Core/Src/stm32u0xx_it.c **** void TIM6_DAC_LPTIM1_IRQHandler(void)
 163:Core/Src/stm32u0xx_it.c **** {
 173              		.loc 1 163 1 is_stmt 1 view -0
 174              		.cfi_startproc
 175              		@ args = 0, pretend = 0, frame = 0
 176              		@ frame_needed = 0, uses_anonymous_args = 0
 177 0000 10B5     		push	{r4, lr}
 178              	.LCFI2:
 179              		.cfi_def_cfa_offset 8
 180              		.cfi_offset 4, -8
 181              		.cfi_offset 14, -4
 164:Core/Src/stm32u0xx_it.c ****   /* USER CODE BEGIN TIM6_DAC_LPTIM1_IRQn 0 */
 165:Core/Src/stm32u0xx_it.c **** 
 166:Core/Src/stm32u0xx_it.c ****   /* USER CODE END TIM6_DAC_LPTIM1_IRQn 0 */
 167:Core/Src/stm32u0xx_it.c ****   HAL_TIM_IRQHandler(&htim6);
 182              		.loc 1 167 3 view .LVU20
 183 0002 0248     		ldr	r0, .L10
 184 0004 FFF7FEFF 		bl	HAL_TIM_IRQHandler
 185              	.LVL3:
 168:Core/Src/stm32u0xx_it.c ****   /* USER CODE BEGIN TIM6_DAC_LPTIM1_IRQn 1 */
ARM GAS  C:\Users\tdogs\AppData\Local\Temp\ccOz815b.s 			page 7


 169:Core/Src/stm32u0xx_it.c **** 
 170:Core/Src/stm32u0xx_it.c ****   /* USER CODE END TIM6_DAC_LPTIM1_IRQn 1 */
 171:Core/Src/stm32u0xx_it.c **** }
 186              		.loc 1 171 1 is_stmt 0 view .LVU21
 187              		@ sp needed
 188 0008 10BD     		pop	{r4, pc}
 189              	.L11:
 190 000a C046     		.align	2
 191              	.L10:
 192 000c 00000000 		.word	htim6
 193              		.cfi_endproc
 194              	.LFE212:
 196              		.section	.text.TIM7_LPTIM2_IRQHandler,"ax",%progbits
 197              		.align	1
 198              		.global	TIM7_LPTIM2_IRQHandler
 199              		.syntax unified
 200              		.code	16
 201              		.thumb_func
 203              	TIM7_LPTIM2_IRQHandler:
 204              	.LFB213:
 172:Core/Src/stm32u0xx_it.c **** 
 173:Core/Src/stm32u0xx_it.c **** /**
 174:Core/Src/stm32u0xx_it.c ****   * @brief This function handles TIM7 and LPTIM2 global Interrupt (combined with EXTI 32).
 175:Core/Src/stm32u0xx_it.c ****   */
 176:Core/Src/stm32u0xx_it.c **** void TIM7_LPTIM2_IRQHandler(void)
 177:Core/Src/stm32u0xx_it.c **** {
 205              		.loc 1 177 1 is_stmt 1 view -0
 206              		.cfi_startproc
 207              		@ args = 0, pretend = 0, frame = 0
 208              		@ frame_needed = 0, uses_anonymous_args = 0
 209 0000 10B5     		push	{r4, lr}
 210              	.LCFI3:
 211              		.cfi_def_cfa_offset 8
 212              		.cfi_offset 4, -8
 213              		.cfi_offset 14, -4
 178:Core/Src/stm32u0xx_it.c ****   /* USER CODE BEGIN TIM7_LPTIM2_IRQn 0 */
 179:Core/Src/stm32u0xx_it.c **** 
 180:Core/Src/stm32u0xx_it.c ****   /* USER CODE END TIM7_LPTIM2_IRQn 0 */
 181:Core/Src/stm32u0xx_it.c ****   HAL_TIM_IRQHandler(&htim7);
 214              		.loc 1 181 3 view .LVU23
 215 0002 0248     		ldr	r0, .L13
 216 0004 FFF7FEFF 		bl	HAL_TIM_IRQHandler
 217              	.LVL4:
 182:Core/Src/stm32u0xx_it.c ****   /* USER CODE BEGIN TIM7_LPTIM2_IRQn 1 */
 183:Core/Src/stm32u0xx_it.c **** 
 184:Core/Src/stm32u0xx_it.c ****   /* USER CODE END TIM7_LPTIM2_IRQn 1 */
 185:Core/Src/stm32u0xx_it.c **** }
 218              		.loc 1 185 1 is_stmt 0 view .LVU24
 219              		@ sp needed
 220 0008 10BD     		pop	{r4, pc}
 221              	.L14:
 222 000a C046     		.align	2
 223              	.L13:
 224 000c 00000000 		.word	htim7
 225              		.cfi_endproc
 226              	.LFE213:
 228              		.text
ARM GAS  C:\Users\tdogs\AppData\Local\Temp\ccOz815b.s 			page 8


 229              	.Letext0:
 230              		.file 2 "c:\\program files (x86)\\arm gnu toolchain arm-none-eabi\\12.2 rel1\\arm-none-eabi\\inclu
 231              		.file 3 "c:\\program files (x86)\\arm gnu toolchain arm-none-eabi\\12.2 rel1\\arm-none-eabi\\inclu
 232              		.file 4 "Drivers/CMSIS/Device/ST/STM32U0xx/Include/stm32u083xx.h"
 233              		.file 5 "Drivers/STM32U0xx_HAL_Driver/Inc/stm32u0xx_hal_def.h"
 234              		.file 6 "Drivers/STM32U0xx_HAL_Driver/Inc/stm32u0xx_hal_dma.h"
 235              		.file 7 "Drivers/STM32U0xx_HAL_Driver/Inc/stm32u0xx_hal_tim.h"
 236              		.file 8 "Drivers/STM32U0xx_HAL_Driver/Inc/stm32u0xx_hal_gpio.h"
 237              		.file 9 "Drivers/STM32U0xx_HAL_Driver/Inc/stm32u0xx_ll_dma.h"
 238              		.file 10 "Drivers/STM32U0xx_HAL_Driver/Inc/stm32u0xx_hal.h"
ARM GAS  C:\Users\tdogs\AppData\Local\Temp\ccOz815b.s 			page 9


DEFINED SYMBOLS
                            *ABS*:00000000 stm32u0xx_it.c
C:\Users\tdogs\AppData\Local\Temp\ccOz815b.s:19     .text.NMI_Handler:00000000 $t
C:\Users\tdogs\AppData\Local\Temp\ccOz815b.s:25     .text.NMI_Handler:00000000 NMI_Handler
C:\Users\tdogs\AppData\Local\Temp\ccOz815b.s:42     .text.HardFault_Handler:00000000 $t
C:\Users\tdogs\AppData\Local\Temp\ccOz815b.s:48     .text.HardFault_Handler:00000000 HardFault_Handler
C:\Users\tdogs\AppData\Local\Temp\ccOz815b.s:65     .text.SVC_Handler:00000000 $t
C:\Users\tdogs\AppData\Local\Temp\ccOz815b.s:71     .text.SVC_Handler:00000000 SVC_Handler
C:\Users\tdogs\AppData\Local\Temp\ccOz815b.s:85     .text.PendSV_Handler:00000000 $t
C:\Users\tdogs\AppData\Local\Temp\ccOz815b.s:91     .text.PendSV_Handler:00000000 PendSV_Handler
C:\Users\tdogs\AppData\Local\Temp\ccOz815b.s:105    .text.SysTick_Handler:00000000 $t
C:\Users\tdogs\AppData\Local\Temp\ccOz815b.s:111    .text.SysTick_Handler:00000000 SysTick_Handler
C:\Users\tdogs\AppData\Local\Temp\ccOz815b.s:132    .text.EXTI4_15_IRQHandler:00000000 $t
C:\Users\tdogs\AppData\Local\Temp\ccOz815b.s:138    .text.EXTI4_15_IRQHandler:00000000 EXTI4_15_IRQHandler
C:\Users\tdogs\AppData\Local\Temp\ccOz815b.s:165    .text.TIM6_DAC_LPTIM1_IRQHandler:00000000 $t
C:\Users\tdogs\AppData\Local\Temp\ccOz815b.s:171    .text.TIM6_DAC_LPTIM1_IRQHandler:00000000 TIM6_DAC_LPTIM1_IRQHandler
C:\Users\tdogs\AppData\Local\Temp\ccOz815b.s:192    .text.TIM6_DAC_LPTIM1_IRQHandler:0000000c $d
C:\Users\tdogs\AppData\Local\Temp\ccOz815b.s:197    .text.TIM7_LPTIM2_IRQHandler:00000000 $t
C:\Users\tdogs\AppData\Local\Temp\ccOz815b.s:203    .text.TIM7_LPTIM2_IRQHandler:00000000 TIM7_LPTIM2_IRQHandler
C:\Users\tdogs\AppData\Local\Temp\ccOz815b.s:224    .text.TIM7_LPTIM2_IRQHandler:0000000c $d

UNDEFINED SYMBOLS
HAL_IncTick
HAL_GPIO_EXTI_IRQHandler
HAL_TIM_IRQHandler
htim6
htim7
